<?xml version="1.0" encoding="UTF-8"?>
<!-- Generated by org.testng.reporters.JUnitReportReporter -->
<testsuite hostname="INLN56577631A" name="com.project.NaveenSelenium.TC_003" tests="2" failures="0" timestamp="28 Mar 2019 02:02:13 GMT" time="0.009" errors="0">
  <testcase name="f" time="0.003" classname="com.project.NaveenSelenium.TC_003"/>
  <testcase name="z" time="0.006" classname="com.project.NaveenSelenium.TC_003"/>
</testsuite> <!-- com.project.NaveenSelenium.TC_003 -->
