<?xml version="1.0" encoding="UTF-8"?>
<!-- Generated by org.testng.reporters.JUnitReportReporter -->
<testsuite hostname="INLN56577631A" name="com.project.NaveenSelenium.JavaScriptExecutor" tests="1" failures="0" timestamp="9 Apr 2019 11:42:55 GMT" time="14.628" errors="0">
  <testcase name="facebook" time="14.628" classname="com.project.NaveenSelenium.JavaScriptExecutor"/>
</testsuite> <!-- com.project.NaveenSelenium.JavaScriptExecutor -->
