<?xml version="1.0" encoding="UTF-8"?>
<!-- Generated by org.testng.reporters.JUnitReportReporter -->
<testsuite hostname="INLN56577631A" name="SuiteC.C1" tests="1" failures="0" timestamp="29 Mar 2019 02:58:40 GMT" time="0.009" errors="0">
  <testcase name="c1" time="0.009" classname="SuiteC.C1"/>
</testsuite> <!-- SuiteC.C1 -->
