<?xml version="1.0" encoding="UTF-8"?>
<!-- Generated by org.testng.reporters.JUnitReportReporter -->
<testsuite hostname="INLN56577631A" name="com.project.NaveenSelenium.TC_002" tests="1" failures="0" timestamp="29 Mar 2019 01:57:13 GMT" time="0.002" errors="0">
  <testcase name="f" time="0.002" classname="com.project.NaveenSelenium.TC_002"/>
</testsuite> <!-- com.project.NaveenSelenium.TC_002 -->
