<?xml version="1.0" encoding="UTF-8"?>
<!-- Generated by org.testng.reporters.JUnitReportReporter -->
<testsuite hostname="INLN56577631A" name="com.project.NaveenSelenium.ActionClass" tests="1" failures="0" timestamp="8 Apr 2019 16:14:48 GMT" time="9.565" errors="0">
  <testcase name="text" time="9.565" classname="com.project.NaveenSelenium.ActionClass"/>
</testsuite> <!-- com.project.NaveenSelenium.ActionClass -->
