<?xml version="1.0" encoding="UTF-8"?>
<!-- Generated by org.testng.reporters.JUnitReportReporter -->
<testsuite hostname="INLN56577631A" name="com.project.NaveenSelenium.TC_004" tests="1" failures="0" timestamp="29 Mar 2019 01:59:20 GMT" time="29.651" errors="0">
  <testcase name="amazon" time="29.651" classname="com.project.NaveenSelenium.TC_004"/>
</testsuite> <!-- com.project.NaveenSelenium.TC_004 -->
