<?xml version="1.0" encoding="UTF-8"?>
<!-- Generated by org.testng.reporters.JUnitReportReporter -->
<testsuite hostname="INLN56577631A" name="com.project.NaveenSelenium.ReadExcelDataByIndex" tests="1" failures="0" timestamp="10 Apr 2019 05:16:18 GMT" time="0.715" errors="0">
  <testcase name="Excel" time="0.715" classname="com.project.NaveenSelenium.ReadExcelDataByIndex"/>
</testsuite> <!-- com.project.NaveenSelenium.ReadExcelDataByIndex -->
