<?xml version="1.0" encoding="UTF-8"?>
<!-- Generated by org.testng.reporters.JUnitReportReporter -->
<testsuite hostname="INLN56577631A" name="com.project.NaveenSelenium.TC_007" tests="1" failures="0" timestamp="1 Apr 2019 01:51:28 GMT" time="28.065" errors="0">
  <testcase name="automationRegistration" time="28.065" classname="com.project.NaveenSelenium.TC_007"/>
</testsuite> <!-- com.project.NaveenSelenium.TC_007 -->
